19:39:02 **** Incremental Build of configuration gcc-debug for project inet ****
make MODE=debug -j4 all 
cd src && make
make[1]: Verzeichnis „/home/chris/omnetpp-5.1.1/simulte_veins/inet/src“ wird betreten
*** COMPILING with:
g++ -c -std=c++11 -g -Wall -MMD -MP -MF .d  -fPIC  -fno-stack-protector -DHAVE_SWAPCONTEXT -DWITH_MPI -DXMLPARSER=libxml -DPREFER_QTENV -DWITH_QTENV -DWITH_TKENV -DWITH_PARSIM -DWITH_NETBUILDER -DWITH_OSG -DWITH_OSGEARTH -Wno-overloaded-virtual -include inet/common/precompiled_debug.h  -DINET_EXPORT -I. -I/home/chris/omnetpp-5.1.1/include
*** LINKING with:
g++ -shared -fPIC -o ../out/gcc-debug/src/libINET.so -Wl,--no-as-needed -Wl,--whole-archive  -Wl,--no-whole-archive -loppenvird -loppsimd -ldl -lstdc++  -lOpenThreads -losg -losgText -losgDB -losgEarth -losgEarthUtil -Wl,-rpath,/home/chris/omnetpp-5.1.1/lib -Wl,-rpath,/lib -Wl,-rpath,.  -L/home/chris/omnetpp-5.1.1/lib
Building...
make[1]: Verzeichnis „/home/chris/omnetpp-5.1.1/simulte_veins/inet/src“ wird verlassen
19:39:11 **** Incremental Build of configuration gcc-debug for project veins-veins-4.6 ****
make MODE=debug all 
make[1]: Verzeichnis „/home/chris/omnetpp-5.1.1/simulte_veins/veins-veins-4.6/src“ wird betreten
make[1]: Verzeichnis „/home/chris/omnetpp-5.1.1/simulte_veins/veins-veins-4.6/src“ wird verlassen
19:39:13 **** Incremental Build of configuration gcc-debug for project veins_inet ****
make MODE=debug all 
make[1]: Verzeichnis „/home/chris/omnetpp-5.1.1/simulte_veins/veins-veins-4.6/subprojects/veins_inet/src“ wird betreten
make[1]: Verzeichnis „/home/chris/omnetpp-5.1.1/simulte_veins/veins-veins-4.6/subprojects/veins_inet/src“ wird verlassen
19:39:14 **** Incremental Build of configuration gcc-debug for project simulte ****
make MODE=debug -j4 all 
make[1]: Verzeichnis „/home/chris/omnetpp-5.1.1/simulte_veins/simulte/src“ wird betreten
make[1]: Verzeichnis „/home/chris/omnetpp-5.1.1/simulte_veins/simulte/src“ wird verlassen
19:39:16 **** Incremental Build of configuration debug for project Erlangen ****
make MODE=debug all 
16:54:29 **** Build of configuration debug for project aloha ****
make MODE=debug all 
16:54:35 **** Incremental Build of configuration gcc-debug for project inet ****
make MODE=debug -j4 all 
cd src && make
make[1]: Verzeichnis „/home/chris/omnetpp-5.1.1/simulte_veins/inet/src“ wird betreten
*** COMPILING with:
g++ -c -std=c++11 -g -Wall -MMD -MP -MF .d  -fPIC  -fno-stack-protector -DHAVE_SWAPCONTEXT -DWITH_MPI -DXMLPARSER=libxml -DPREFER_QTENV -DWITH_QTENV -DWITH_TKENV -DWITH_PARSIM -DWITH_NETBUILDER -DWITH_OSG -DWITH_OSGEARTH -Wno-overloaded-virtual -include inet/common/precompiled_debug.h  -DINET_EXPORT -I. -I/home/chris/omnetpp-5.1.1/include
*** LINKING with:
g++ -shared -fPIC -o ../out/gcc-debug/src/libINET.so -Wl,--no-as-needed -Wl,--whole-archive  -Wl,--no-whole-archive -loppenvird -loppsimd -ldl -lstdc++  -lOpenThreads -losg -losgText -losgDB -losgEarth -losgEarthUtil -Wl,-rpath,/home/chris/omnetpp-5.1.1/lib -Wl,-rpath,/lib -Wl,-rpath,.  -L/home/chris/omnetpp-5.1.1/lib
Building...
make[1]: Verzeichnis „/home/chris/omnetpp-5.1.1/simulte_veins/inet/src“ wird verlassen
16:54:41 **** Build of configuration debug for project tictoc ****
make MODE=debug all 
16:54:43 **** Incremental Build of configuration gcc-debug for project veins-veins-4.6 ****
make MODE=debug all 
make[1]: Verzeichnis „/home/chris/omnetpp-5.1.1/simulte_veins/veins-veins-4.6/src“ wird betreten
make[1]: Verzeichnis „/home/chris/omnetpp-5.1.1/simulte_veins/veins-veins-4.6/src“ wird verlassen
16:54:45 **** Incremental Build of configuration gcc-debug for project veins_inet ****
make MODE=debug all 
make[1]: Verzeichnis „/home/chris/omnetpp-5.1.1/simulte_veins/veins-veins-4.6/subprojects/veins_inet/src“ wird betreten
make[1]: Verzeichnis „/home/chris/omnetpp-5.1.1/simulte_veins/veins-veins-4.6/subprojects/veins_inet/src“ wird verlassen
16:54:47 **** Incremental Build of configuration gcc-debug for project simulte ****
make MODE=debug -j4 all 
make[1]: Verzeichnis „/home/chris/omnetpp-5.1.1/simulte_veins/simulte/src“ wird betreten
apps/vod/VoDUDPClient.cc
apps/vod/VoDUDPClient.cc: In member function ‘virtual void VoDUDPClient::receiveStream(VoDPacket*)’:
apps/vod/VoDUDPClient.cc:137:9: warning: unused variable ‘seqNum’ [-Wunused-variable]
     int seqNum = msg->getFrameSeqNum();
         ^
apps/vod/VoDUDPClient.cc:139:9: warning: unused variable ‘frameLength’ [-Wunused-variable]
     int frameLength = msg->getFrameLength();
         ^
Creating shared library: ../out/gcc-debug/src/liblte.so
make[1]: Verzeichnis „/home/chris/omnetpp-5.1.1/simulte_veins/simulte/src“ wird verlassen
16:55:05 **** Build of configuration debug for project ThesisTest ****
make MODE=debug all 
16:55:07 **** Incremental Build of configuration debug for project Erlangen ****
make MODE=debug all 
20:45:10 **** Build of configuration debug for project aloha ****
make MODE=debug all 
20:45:13 **** Incremental Build of configuration gcc-debug for project inet ****
make MODE=debug -j4 all 
cd src && make
make[1]: Verzeichnis „/home/chris/omnetpp-5.1.1/simulte_veins/inet/src“ wird betreten
*** COMPILING with:
g++ -c -std=c++11 -g -Wall -MMD -MP -MF .d  -fPIC  -fno-stack-protector -DHAVE_SWAPCONTEXT -DWITH_MPI -DXMLPARSER=libxml -DPREFER_QTENV -DWITH_QTENV -DWITH_TKENV -DWITH_PARSIM -DWITH_NETBUILDER -DWITH_OSG -DWITH_OSGEARTH -Wno-overloaded-virtual -include inet/common/precompiled_debug.h  -DINET_EXPORT -I. -I/home/chris/omnetpp-5.1.1/include
*** LINKING with:
g++ -shared -fPIC -o ../out/gcc-debug/src/libINET.so -Wl,--no-as-needed -Wl,--whole-archive  -Wl,--no-whole-archive -loppenvird -loppsimd -ldl -lstdc++  -lOpenThreads -losg -losgText -losgDB -losgEarth -losgEarthUtil -Wl,-rpath,/home/chris/omnetpp-5.1.1/lib -Wl,-rpath,/lib -Wl,-rpath,.  -L/home/chris/omnetpp-5.1.1/lib
Building...
make[1]: Verzeichnis „/home/chris/omnetpp-5.1.1/simulte_veins/inet/src“ wird verlassen
20:45:16 **** Build of configuration debug for project tictoc ****
make MODE=debug all 
20:45:17 **** Incremental Build of configuration gcc-debug for project veins-veins-4.6 ****
make MODE=debug all 
make[1]: Verzeichnis „/home/chris/omnetpp-5.1.1/simulte_veins/veins-veins-4.6/src“ wird betreten
make[1]: Verzeichnis „/home/chris/omnetpp-5.1.1/simulte_veins/veins-veins-4.6/src“ wird verlassen
20:45:18 **** Incremental Build of configuration gcc-debug for project veins_inet ****
make MODE=debug all 
make[1]: Verzeichnis „/home/chris/omnetpp-5.1.1/simulte_veins/veins-veins-4.6/subprojects/veins_inet/src“ wird betreten
make[1]: Verzeichnis „/home/chris/omnetpp-5.1.1/simulte_veins/veins-veins-4.6/subprojects/veins_inet/src“ wird verlassen
20:45:20 **** Incremental Build of configuration gcc-debug for project simulte ****
make MODE=debug -j4 all 
make[1]: Verzeichnis „/home/chris/omnetpp-5.1.1/simulte_veins/simulte/src“ wird betreten
apps/cbr/CbrSender.cc
apps/vod/VoDUDPClient.cc
apps/cbr/CbrSender.cc: In member function ‘void CbrSender::initTraffic()’:
apps/cbr/CbrSender.cc:102:19: warning: variable ‘offset’ set but not used [-Wunused-but-set-variable]
         simtime_t offset = (round(SIMTIME_DBL(startTime)*1000)/1000);
                   ^
apps/vod/VoDUDPClient.cc: In member function ‘virtual void VoDUDPClient::receiveStream(VoDPacket*)’:
apps/vod/VoDUDPClient.cc:137:9: warning: unused variable ‘seqNum’ [-Wunused-variable]
     int seqNum = msg->getFrameSeqNum();
         ^
apps/vod/VoDUDPClient.cc:139:9: warning: unused variable ‘frameLength’ [-Wunused-variable]
     int frameLength = msg->getFrameLength();
         ^
Creating shared library: ../out/gcc-debug/src/liblte.so
make[1]: Verzeichnis „/home/chris/omnetpp-5.1.1/simulte_veins/simulte/src“ wird verlassen
20:45:32 **** Build of configuration debug for project ThesisTest ****
make MODE=debug all 
20:45:34 **** Incremental Build of configuration debug for project Erlangen ****
make MODE=debug all 
20:51:36 **** Incremental Build of configuration debug for project aloha ****
make MODE=debug all 
20:51:38 **** Incremental Build of configuration gcc-debug for project inet ****
make MODE=debug -j4 all 
cd src && make
make[1]: Verzeichnis „/home/chris/omnetpp-5.1.1/simulte_veins/inet/src“ wird betreten
*** COMPILING with:
g++ -c -std=c++11 -g -Wall -MMD -MP -MF .d  -fPIC  -fno-stack-protector -DHAVE_SWAPCONTEXT -DWITH_MPI -DXMLPARSER=libxml -DPREFER_QTENV -DWITH_QTENV -DWITH_TKENV -DWITH_PARSIM -DWITH_NETBUILDER -DWITH_OSG -DWITH_OSGEARTH -Wno-overloaded-virtual -include inet/common/precompiled_debug.h  -DINET_EXPORT -I. -I/home/chris/omnetpp-5.1.1/include
*** LINKING with:
g++ -shared -fPIC -o ../out/gcc-debug/src/libINET.so -Wl,--no-as-needed -Wl,--whole-archive  -Wl,--no-whole-archive -loppenvird -loppsimd -ldl -lstdc++  -lOpenThreads -losg -losgText -losgDB -losgEarth -losgEarthUtil -Wl,-rpath,/home/chris/omnetpp-5.1.1/lib -Wl,-rpath,/lib -Wl,-rpath,.  -L/home/chris/omnetpp-5.1.1/lib
Building...
make[1]: Verzeichnis „/home/chris/omnetpp-5.1.1/simulte_veins/inet/src“ wird verlassen
20:51:40 **** Incremental Build of configuration debug for project tictoc ****
make MODE=debug all 
20:51:41 **** Incremental Build of configuration gcc-debug for project veins-veins-4.6 ****
make MODE=debug all 
make[1]: Verzeichnis „/home/chris/omnetpp-5.1.1/simulte_veins/veins-veins-4.6/src“ wird betreten
make[1]: Verzeichnis „/home/chris/omnetpp-5.1.1/simulte_veins/veins-veins-4.6/src“ wird verlassen
20:51:43 **** Incremental Build of configuration gcc-debug for project veins_inet ****
make MODE=debug all 
make[1]: Verzeichnis „/home/chris/omnetpp-5.1.1/simulte_veins/veins-veins-4.6/subprojects/veins_inet/src“ wird betreten
make[1]: Verzeichnis „/home/chris/omnetpp-5.1.1/simulte_veins/veins-veins-4.6/subprojects/veins_inet/src“ wird verlassen
20:51:44 **** Incremental Build of configuration gcc-debug for project simulte ****
make MODE=debug -j4 all 
make[1]: Verzeichnis „/home/chris/omnetpp-5.1.1/simulte_veins/simulte/src“ wird betreten
MSGC: apps/cbr/CbrPacket.msg
apps/cbr/CbrReceiver.cc
apps/cbr/CbrSender.cc
apps/cbr/CbrPacket_m.cc
apps/cbr/CbrSender.cc: In member function ‘void CbrSender::initTraffic()’:
apps/cbr/CbrSender.cc:102:19: warning: variable ‘offset’ set but not used [-Wunused-but-set-variable]
         simtime_t offset = (round(SIMTIME_DBL(startTime)*1000)/1000);
                   ^
Creating shared library: ../out/gcc-debug/src/liblte.so
make[1]: Verzeichnis „/home/chris/omnetpp-5.1.1/simulte_veins/simulte/src“ wird verlassen
20:51:54 **** Incremental Build of configuration debug for project ThesisTest ****
make MODE=debug all 
20:51:56 **** Incremental Build of configuration debug for project Erlangen ****
make MODE=debug all 
20:55:25 **** Incremental Build of configuration debug for project aloha ****
make MODE=debug all 
20:55:27 **** Incremental Build of configuration gcc-debug for project inet ****
make MODE=debug -j4 all 
cd src && make
make[1]: Verzeichnis „/home/chris/omnetpp-5.1.1/simulte_veins/inet/src“ wird betreten
*** COMPILING with:
g++ -c -std=c++11 -g -Wall -MMD -MP -MF .d  -fPIC  -fno-stack-protector -DHAVE_SWAPCONTEXT -DWITH_MPI -DXMLPARSER=libxml -DPREFER_QTENV -DWITH_QTENV -DWITH_TKENV -DWITH_PARSIM -DWITH_NETBUILDER -DWITH_OSG -DWITH_OSGEARTH -Wno-overloaded-virtual -include inet/common/precompiled_debug.h  -DINET_EXPORT -I. -I/home/chris/omnetpp-5.1.1/include
*** LINKING with:
g++ -shared -fPIC -o ../out/gcc-debug/src/libINET.so -Wl,--no-as-needed -Wl,--whole-archive  -Wl,--no-whole-archive -loppenvird -loppsimd -ldl -lstdc++  -lOpenThreads -losg -losgText -losgDB -losgEarth -losgEarthUtil -Wl,-rpath,/home/chris/omnetpp-5.1.1/lib -Wl,-rpath,/lib -Wl,-rpath,.  -L/home/chris/omnetpp-5.1.1/lib
Building...
make[1]: Verzeichnis „/home/chris/omnetpp-5.1.1/simulte_veins/inet/src“ wird verlassen
20:55:29 **** Incremental Build of configuration debug for project tictoc ****
make MODE=debug all 
20:55:30 **** Incremental Build of configuration gcc-debug for project veins-veins-4.6 ****
make MODE=debug all 
make[1]: Verzeichnis „/home/chris/omnetpp-5.1.1/simulte_veins/veins-veins-4.6/src“ wird betreten
make[1]: Verzeichnis „/home/chris/omnetpp-5.1.1/simulte_veins/veins-veins-4.6/src“ wird verlassen
20:55:31 **** Incremental Build of configuration gcc-debug for project veins_inet ****
make MODE=debug all 
make[1]: Verzeichnis „/home/chris/omnetpp-5.1.1/simulte_veins/veins-veins-4.6/subprojects/veins_inet/src“ wird betreten
make[1]: Verzeichnis „/home/chris/omnetpp-5.1.1/simulte_veins/veins-veins-4.6/subprojects/veins_inet/src“ wird verlassen
20:55:32 **** Incremental Build of configuration gcc-debug for project simulte ****
make MODE=debug -j4 all 
make[1]: Verzeichnis „/home/chris/omnetpp-5.1.1/simulte_veins/simulte/src“ wird betreten
apps/cbr/CbrSender.cc
apps/cbr/CbrSender.cc: In member function ‘void CbrSender::initTraffic()’:
apps/cbr/CbrSender.cc:102:19: warning: variable ‘offset’ set but not used [-Wunused-but-set-variable]
         simtime_t offset = (round(SIMTIME_DBL(startTime)*1000)/1000);
                   ^
Creating shared library: ../out/gcc-debug/src/liblte.so
make[1]: Verzeichnis „/home/chris/omnetpp-5.1.1/simulte_veins/simulte/src“ wird verlassen
20:55:44 **** Incremental Build of configuration debug for project ThesisTest ****
make MODE=debug all 
20:55:46 **** Incremental Build of configuration debug for project Erlangen ****
make MODE=debug all 
15:39:03 **** Build of configuration debug for project aloha ****
make MODE=debug all 
15:39:13 **** Incremental Build of configuration gcc-debug for project inet ****
make MODE=debug -j4 all 
cd src && make
make[1]: Verzeichnis „/home/chris/omnetpp-5.1.1/simulte_veins/inet/src“ wird betreten
*** COMPILING with:
g++ -c -std=c++11 -g -Wall -MMD -MP -MF .d  -fPIC  -fno-stack-protector -DHAVE_SWAPCONTEXT -DWITH_MPI -DXMLPARSER=libxml -DPREFER_QTENV -DWITH_QTENV -DWITH_TKENV -DWITH_PARSIM -DWITH_NETBUILDER -DWITH_OSG -DWITH_OSGEARTH -Wno-overloaded-virtual -include inet/common/precompiled_debug.h  -DINET_EXPORT -I. -I/home/chris/omnetpp-5.1.1/include
*** LINKING with:
g++ -shared -fPIC -o ../out/gcc-debug/src/libINET.so -Wl,--no-as-needed -Wl,--whole-archive  -Wl,--no-whole-archive -loppenvird -loppsimd -ldl -lstdc++  -lOpenThreads -losg -losgText -losgDB -losgEarth -losgEarthUtil -Wl,-rpath,/home/chris/omnetpp-5.1.1/lib -Wl,-rpath,/lib -Wl,-rpath,.  -L/home/chris/omnetpp-5.1.1/lib
Building...
make[1]: Verzeichnis „/home/chris/omnetpp-5.1.1/simulte_veins/inet/src“ wird verlassen
15:39:26 **** Build of configuration debug for project tictoc ****
make MODE=debug all 
15:39:30 **** Incremental Build of configuration gcc-debug for project veins-veins-4.6 ****
make MODE=debug all 
make[1]: Verzeichnis „/home/chris/omnetpp-5.1.1/simulte_veins/veins-veins-4.6/src“ wird betreten
make[1]: Verzeichnis „/home/chris/omnetpp-5.1.1/simulte_veins/veins-veins-4.6/src“ wird verlassen
15:39:34 **** Incremental Build of configuration gcc-debug for project veins_inet ****
make MODE=debug all 
make[1]: Verzeichnis „/home/chris/omnetpp-5.1.1/simulte_veins/veins-veins-4.6/subprojects/veins_inet/src“ wird betreten
make[1]: Verzeichnis „/home/chris/omnetpp-5.1.1/simulte_veins/veins-veins-4.6/subprojects/veins_inet/src“ wird verlassen
15:39:38 **** Incremental Build of configuration gcc-debug for project simulte ****
make MODE=debug -j4 all 
make[1]: Verzeichnis „/home/chris/omnetpp-5.1.1/simulte_veins/simulte/src“ wird betreten
world/radio/LteChannelControl.cc
Creating shared library: ../out/gcc-debug/src/liblte.so
make[1]: Verzeichnis „/home/chris/omnetpp-5.1.1/simulte_veins/simulte/src“ wird verlassen
15:40:05 **** Build of configuration debug for project ThesisTest ****
make MODE=debug all 
15:40:09 **** Incremental Build of configuration debug for project Erlangen ****
make MODE=debug all 
Creating executable: out/gcc-debug//Erlangen
14:53:39 **** Incremental Build of configuration debug for project aloha ****
make MODE=debug all 
14:53:41 **** Incremental Build of configuration gcc-debug for project inet ****
make MODE=debug -j4 all 
cd src && make
make[1]: Verzeichnis „/home/chris/omnetpp-5.1.1/simulte_veins/inet/src“ wird betreten
*** COMPILING with:
g++ -c -std=c++11 -g -Wall -MMD -MP -MF .d  -fPIC  -fno-stack-protector -DHAVE_SWAPCONTEXT -DWITH_MPI -DXMLPARSER=libxml -DPREFER_QTENV -DWITH_QTENV -DWITH_TKENV -DWITH_PARSIM -DWITH_NETBUILDER -DWITH_OSG -DWITH_OSGEARTH -Wno-overloaded-virtual -include inet/common/precompiled_debug.h  -DINET_EXPORT -I. -I/home/chris/omnetpp-5.1.1/include
*** LINKING with:
g++ -shared -fPIC -o ../out/gcc-debug/src/libINET.so -Wl,--no-as-needed -Wl,--whole-archive  -Wl,--no-whole-archive -loppenvird -loppsimd -ldl -lstdc++  -lOpenThreads -losg -losgText -losgDB -losgEarth -losgEarthUtil -Wl,-rpath,/home/chris/omnetpp-5.1.1/lib -Wl,-rpath,/lib -Wl,-rpath,.  -L/home/chris/omnetpp-5.1.1/lib
Building...
make[1]: Verzeichnis „/home/chris/omnetpp-5.1.1/simulte_veins/inet/src“ wird verlassen
14:53:43 **** Incremental Build of configuration debug for project tictoc ****
make MODE=debug all 
14:53:44 **** Incremental Build of configuration gcc-debug for project veins-veins-4.6 ****
make MODE=debug all 
make[1]: Verzeichnis „/home/chris/omnetpp-5.1.1/simulte_veins/veins-veins-4.6/src“ wird betreten
make[1]: Verzeichnis „/home/chris/omnetpp-5.1.1/simulte_veins/veins-veins-4.6/src“ wird verlassen
14:53:45 **** Incremental Build of configuration gcc-debug for project veins_inet ****
make MODE=debug all 
make[1]: Verzeichnis „/home/chris/omnetpp-5.1.1/simulte_veins/veins-veins-4.6/subprojects/veins_inet/src“ wird betreten
make[1]: Verzeichnis „/home/chris/omnetpp-5.1.1/simulte_veins/veins-veins-4.6/subprojects/veins_inet/src“ wird verlassen
14:53:46 **** Incremental Build of configuration gcc-debug for project simulte ****
make MODE=debug -j4 all 
make[1]: Verzeichnis „/home/chris/omnetpp-5.1.1/simulte_veins/simulte/src“ wird betreten
make[1]: Verzeichnis „/home/chris/omnetpp-5.1.1/simulte_veins/simulte/src“ wird verlassen
14:53:47 **** Incremental Build of configuration debug for project ThesisTest ****
make MODE=debug all 
14:53:48 **** Incremental Build of configuration debug for project Erlangen ****
make MODE=debug all 
16:42:48 **** Incremental Build of configuration debug for project aloha ****
make MODE=debug all 
16:42:50 **** Incremental Build of configuration gcc-debug for project inet ****
make MODE=debug -j4 all 
cd src && make
make[1]: Verzeichnis „/home/chris/omnetpp-5.1.1/simulte_veins/inet/src“ wird betreten
*** COMPILING with:
g++ -c -std=c++11 -g -Wall -MMD -MP -MF .d  -fPIC  -fno-stack-protector -DHAVE_SWAPCONTEXT -DWITH_MPI -DXMLPARSER=libxml -DPREFER_QTENV -DWITH_QTENV -DWITH_TKENV -DWITH_PARSIM -DWITH_NETBUILDER -DWITH_OSG -DWITH_OSGEARTH -Wno-overloaded-virtual -include inet/common/precompiled_debug.h  -DINET_EXPORT -I. -I/home/chris/omnetpp-5.1.1/include
*** LINKING with:
g++ -shared -fPIC -o ../out/gcc-debug/src/libINET.so -Wl,--no-as-needed -Wl,--whole-archive  -Wl,--no-whole-archive -loppenvird -loppsimd -ldl -lstdc++  -lOpenThreads -losg -losgText -losgDB -losgEarth -losgEarthUtil -Wl,-rpath,/home/chris/omnetpp-5.1.1/lib -Wl,-rpath,/lib -Wl,-rpath,.  -L/home/chris/omnetpp-5.1.1/lib
Building...
make[1]: Verzeichnis „/home/chris/omnetpp-5.1.1/simulte_veins/inet/src“ wird verlassen
16:42:58 **** Incremental Build of configuration debug for project tictoc ****
make MODE=debug all 
16:42:59 **** Incremental Build of configuration gcc-debug for project veins-veins-4.6 ****
make MODE=debug all 
make[1]: Verzeichnis „/home/chris/omnetpp-5.1.1/simulte_veins/veins-veins-4.6/src“ wird betreten
make[1]: Verzeichnis „/home/chris/omnetpp-5.1.1/simulte_veins/veins-veins-4.6/src“ wird verlassen
16:43:00 **** Incremental Build of configuration gcc-debug for project veins_inet ****
make MODE=debug all 
make[1]: Verzeichnis „/home/chris/omnetpp-5.1.1/simulte_veins/veins-veins-4.6/subprojects/veins_inet/src“ wird betreten
make[1]: Verzeichnis „/home/chris/omnetpp-5.1.1/simulte_veins/veins-veins-4.6/subprojects/veins_inet/src“ wird verlassen
16:43:01 **** Incremental Build of configuration gcc-debug for project simulte ****
make MODE=debug -j4 all 
make[1]: Verzeichnis „/home/chris/omnetpp-5.1.1/simulte_veins/simulte/src“ wird betreten
world/radio/LteChannelControl.cc
Creating shared library: ../out/gcc-debug/src/liblte.so
make[1]: Verzeichnis „/home/chris/omnetpp-5.1.1/simulte_veins/simulte/src“ wird verlassen
16:43:21 **** Incremental Build of configuration debug for project ThesisTest ****
make MODE=debug all 
16:43:22 **** Incremental Build of configuration debug for project Erlangen ****
make MODE=debug all 
17:59:06 **** Incremental Build of configuration debug for project aloha ****
make MODE=debug all 
17:59:08 **** Incremental Build of configuration gcc-debug for project inet ****
make MODE=debug -j4 all 
cd src && make
make[1]: Verzeichnis „/home/chris/omnetpp-5.1.1/simulte_veins/inet/src“ wird betreten
*** COMPILING with:
g++ -c -std=c++11 -g -Wall -MMD -MP -MF .d  -fPIC  -fno-stack-protector -DHAVE_SWAPCONTEXT -DWITH_MPI -DXMLPARSER=libxml -DPREFER_QTENV -DWITH_QTENV -DWITH_TKENV -DWITH_PARSIM -DWITH_NETBUILDER -DWITH_OSG -DWITH_OSGEARTH -Wno-overloaded-virtual -include inet/common/precompiled_debug.h  -DINET_EXPORT -I. -I/home/chris/omnetpp-5.1.1/include
*** LINKING with:
g++ -shared -fPIC -o ../out/gcc-debug/src/libINET.so -Wl,--no-as-needed -Wl,--whole-archive  -Wl,--no-whole-archive -loppenvird -loppsimd -ldl -lstdc++  -lOpenThreads -losg -losgText -losgDB -losgEarth -losgEarthUtil -Wl,-rpath,/home/chris/omnetpp-5.1.1/lib -Wl,-rpath,/lib -Wl,-rpath,.  -L/home/chris/omnetpp-5.1.1/lib
Building...
make[1]: Verzeichnis „/home/chris/omnetpp-5.1.1/simulte_veins/inet/src“ wird verlassen
17:59:10 **** Incremental Build of configuration debug for project tictoc ****
make MODE=debug all 
17:59:11 **** Incremental Build of configuration gcc-debug for project veins-veins-4.6 ****
make MODE=debug all 
make[1]: Verzeichnis „/home/chris/omnetpp-5.1.1/simulte_veins/veins-veins-4.6/src“ wird betreten
make[1]: Verzeichnis „/home/chris/omnetpp-5.1.1/simulte_veins/veins-veins-4.6/src“ wird verlassen
17:59:12 **** Incremental Build of configuration gcc-debug for project veins_inet ****
make MODE=debug all 
make[1]: Verzeichnis „/home/chris/omnetpp-5.1.1/simulte_veins/veins-veins-4.6/subprojects/veins_inet/src“ wird betreten
make[1]: Verzeichnis „/home/chris/omnetpp-5.1.1/simulte_veins/veins-veins-4.6/subprojects/veins_inet/src“ wird verlassen
17:59:13 **** Incremental Build of configuration gcc-debug for project simulte ****
make MODE=debug -j4 all 
make[1]: Verzeichnis „/home/chris/omnetpp-5.1.1/simulte_veins/simulte/src“ wird betreten
make[1]: Verzeichnis „/home/chris/omnetpp-5.1.1/simulte_veins/simulte/src“ wird verlassen
17:59:14 **** Incremental Build of configuration debug for project ThesisTest ****
make MODE=debug all 
17:59:15 **** Incremental Build of configuration debug for project Erlangen ****
make MODE=debug all 
16:47:34 **** Incremental Build of configuration debug for project aloha ****
make MODE=debug all 
16:47:36 **** Incremental Build of configuration gcc-debug for project inet ****
make MODE=debug -j4 all 
cd src && make
make[1]: Verzeichnis „/home/chris/omnetpp-5.1.1/simulte_veins/inet/src“ wird betreten
*** COMPILING with:
g++ -c -std=c++11 -g -Wall -MMD -MP -MF .d  -fPIC  -fno-stack-protector -DHAVE_SWAPCONTEXT -DWITH_MPI -DXMLPARSER=libxml -DPREFER_QTENV -DWITH_QTENV -DWITH_TKENV -DWITH_PARSIM -DWITH_NETBUILDER -DWITH_OSG -DWITH_OSGEARTH -Wno-overloaded-virtual -include inet/common/precompiled_debug.h  -DINET_EXPORT -I. -I/home/chris/omnetpp-5.1.1/include
*** LINKING with:
g++ -shared -fPIC -o ../out/gcc-debug/src/libINET.so -Wl,--no-as-needed -Wl,--whole-archive  -Wl,--no-whole-archive -loppenvird -loppsimd -ldl -lstdc++  -lOpenThreads -losg -losgText -losgDB -losgEarth -losgEarthUtil -Wl,-rpath,/home/chris/omnetpp-5.1.1/lib -Wl,-rpath,/lib -Wl,-rpath,.  -L/home/chris/omnetpp-5.1.1/lib
Building...
make[1]: Verzeichnis „/home/chris/omnetpp-5.1.1/simulte_veins/inet/src“ wird verlassen
16:47:39 **** Incremental Build of configuration debug for project tictoc ****
make MODE=debug all 
16:47:40 **** Incremental Build of configuration gcc-debug for project veins-veins-4.6 ****
make MODE=debug all 
make[1]: Verzeichnis „/home/chris/omnetpp-5.1.1/simulte_veins/veins-veins-4.6/src“ wird betreten
make[1]: Verzeichnis „/home/chris/omnetpp-5.1.1/simulte_veins/veins-veins-4.6/src“ wird verlassen
16:47:41 **** Incremental Build of configuration gcc-debug for project veins_inet ****
make MODE=debug all 
make[1]: Verzeichnis „/home/chris/omnetpp-5.1.1/simulte_veins/veins-veins-4.6/subprojects/veins_inet/src“ wird betreten
make[1]: Verzeichnis „/home/chris/omnetpp-5.1.1/simulte_veins/veins-veins-4.6/subprojects/veins_inet/src“ wird verlassen
16:47:42 **** Incremental Build of configuration gcc-debug for project simulte ****
make MODE=debug -j4 all 
make[1]: Verzeichnis „/home/chris/omnetpp-5.1.1/simulte_veins/simulte/src“ wird betreten
make[1]: Verzeichnis „/home/chris/omnetpp-5.1.1/simulte_veins/simulte/src“ wird verlassen
16:47:43 **** Incremental Build of configuration debug for project ThesisTest ****
make MODE=debug all 
16:47:44 **** Incremental Build of configuration debug for project Erlangen ****
make MODE=debug all 
16:51:23 **** Build of configuration debug for project aloha ****
make MODE=debug all 
16:51:27 **** Build of configuration gcc-debug for project inet ****
make MODE=debug -j4 all 
cd src && make
make[1]: Verzeichnis „/home/chris/omnetpp-5.1.1/simulte_veins/inet/src“ wird betreten
*** COMPILING with:
g++ -c -std=c++11 -g -Wall -MMD -MP -MF .d  -fPIC  -fno-stack-protector -DHAVE_SWAPCONTEXT -DWITH_MPI -DXMLPARSER=libxml -DPREFER_QTENV -DWITH_QTENV -DWITH_TKENV -DWITH_PARSIM -DWITH_NETBUILDER -DWITH_OSG -DWITH_OSGEARTH -Wno-overloaded-virtual -include inet/common/precompiled_debug.h  -DINET_EXPORT -I. -I/home/chris/omnetpp-5.1.1/include
*** LINKING with:
g++ -shared -fPIC -o ../out/gcc-debug/src/libINET.so -Wl,--no-as-needed -Wl,--whole-archive  -Wl,--no-whole-archive -loppenvird -loppsimd -ldl -lstdc++  -lOpenThreads -losg -losgText -losgDB -losgEarth -losgEarthUtil -Wl,-rpath,/home/chris/omnetpp-5.1.1/lib -Wl,-rpath,/lib -Wl,-rpath,.  -L/home/chris/omnetpp-5.1.1/lib
Building...
make[1]: Verzeichnis „/home/chris/omnetpp-5.1.1/simulte_veins/inet/src“ wird verlassen
16:51:35 **** Build of configuration debug for project tictoc ****
make MODE=debug all 
16:51:36 **** Build of configuration gcc-debug for project veins-veins-4.6 ****
make MODE=debug all 
make[1]: Verzeichnis „/home/chris/omnetpp-5.1.1/simulte_veins/veins-veins-4.6/src“ wird betreten
make[1]: Verzeichnis „/home/chris/omnetpp-5.1.1/simulte_veins/veins-veins-4.6/src“ wird verlassen
16:51:38 **** Build of configuration gcc-debug for project veins_inet ****
make MODE=debug all 
make[1]: Verzeichnis „/home/chris/omnetpp-5.1.1/simulte_veins/veins-veins-4.6/subprojects/veins_inet/src“ wird betreten
make[1]: Verzeichnis „/home/chris/omnetpp-5.1.1/simulte_veins/veins-veins-4.6/subprojects/veins_inet/src“ wird verlassen
16:51:39 **** Build of configuration gcc-debug for project simulte ****
make MODE=debug -j4 all 
make[1]: Verzeichnis „/home/chris/omnetpp-5.1.1/simulte_veins/simulte/src“ wird betreten
stack/phy/layer/LtePhyBase.cc
stack/phy/layer/LtePhyBase.cc: In member function ‘virtual void LtePhyBase::handleMessage(omnetpp::cMessage*)’:
stack/phy/layer/LtePhyBase.cc:66:29: error: invalid conversion from ‘int’ to ‘char*’ [-fpermissive]
         char* upperGateId = upperGateIn_;
                             ^
stack/phy/layer/LtePhyBase.cc:66:15: warning: unused variable ‘upperGateId’ [-Wunused-variable]
         char* upperGateId = upperGateIn_;
               ^
stack/phy/layer/LtePhyBase.cc:73:27: error: cannot convert ‘omnetpp::cMessage::getSenderModuleId’ from type ‘int (omnetpp::cMessage::)() const’ to type ‘int’
         int eineID = msg->getSenderModuleId;
                           ^
stack/phy/layer/LtePhyBase.cc:74:59: error: invalid conversion from ‘const char*’ to ‘char*’ [-fpermissive]
         char* abc = msg->getSenderModule()->getNedTypeName();
                                                           ^
stack/phy/layer/LtePhyBase.cc:73:13: warning: unused variable ‘eineID’ [-Wunused-variable]
         int eineID = msg->getSenderModuleId;
             ^
stack/phy/layer/LtePhyBase.cc:74:15: warning: unused variable ‘abc’ [-Wunused-variable]
         char* abc = msg->getSenderModule()->getNedTypeName();
               ^
make[1]: *** [../out/gcc-debug/src/stack/phy/layer/LtePhyBase.o] Fehler 1
Makefile:284: die Regel für Ziel „../out/gcc-debug/src/stack/phy/layer/LtePhyBase.o“ scheiterte
make: *** [all] Fehler 2
make[1]: Verzeichnis „/home/chris/omnetpp-5.1.1/simulte_veins/simulte/src“ wird verlassen
Makefile:2: die Regel für Ziel „all“ scheiterte
16:51:54 **** Build of configuration debug for project ThesisTest ****
make MODE=debug all 
16:51:57 **** Build of configuration debug for project Erlangen ****
make MODE=debug all 
16:53:21 **** Incremental Build of configuration debug for project aloha ****
make MODE=debug all 
16:53:22 **** Incremental Build of configuration gcc-debug for project inet ****
make MODE=debug -j4 all 
cd src && make
make[1]: Verzeichnis „/home/chris/omnetpp-5.1.1/simulte_veins/inet/src“ wird betreten
*** COMPILING with:
g++ -c -std=c++11 -g -Wall -MMD -MP -MF .d  -fPIC  -fno-stack-protector -DHAVE_SWAPCONTEXT -DWITH_MPI -DXMLPARSER=libxml -DPREFER_QTENV -DWITH_QTENV -DWITH_TKENV -DWITH_PARSIM -DWITH_NETBUILDER -DWITH_OSG -DWITH_OSGEARTH -Wno-overloaded-virtual -include inet/common/precompiled_debug.h  -DINET_EXPORT -I. -I/home/chris/omnetpp-5.1.1/include
*** LINKING with:
g++ -shared -fPIC -o ../out/gcc-debug/src/libINET.so -Wl,--no-as-needed -Wl,--whole-archive  -Wl,--no-whole-archive -loppenvird -loppsimd -ldl -lstdc++  -lOpenThreads -losg -losgText -losgDB -losgEarth -losgEarthUtil -Wl,-rpath,/home/chris/omnetpp-5.1.1/lib -Wl,-rpath,/lib -Wl,-rpath,.  -L/home/chris/omnetpp-5.1.1/lib
Building...
make[1]: Verzeichnis „/home/chris/omnetpp-5.1.1/simulte_veins/inet/src“ wird verlassen
16:53:25 **** Incremental Build of configuration debug for project tictoc ****
make MODE=debug all 
16:53:26 **** Incremental Build of configuration gcc-debug for project veins-veins-4.6 ****
make MODE=debug all 
make[1]: Verzeichnis „/home/chris/omnetpp-5.1.1/simulte_veins/veins-veins-4.6/src“ wird betreten
make[1]: Verzeichnis „/home/chris/omnetpp-5.1.1/simulte_veins/veins-veins-4.6/src“ wird verlassen
16:53:27 **** Incremental Build of configuration gcc-debug for project veins_inet ****
make MODE=debug all 
make[1]: Verzeichnis „/home/chris/omnetpp-5.1.1/simulte_veins/veins-veins-4.6/subprojects/veins_inet/src“ wird betreten
make[1]: Verzeichnis „/home/chris/omnetpp-5.1.1/simulte_veins/veins-veins-4.6/subprojects/veins_inet/src“ wird verlassen
16:53:29 **** Incremental Build of configuration gcc-debug for project simulte ****
make MODE=debug -j4 all 
make[1]: Verzeichnis „/home/chris/omnetpp-5.1.1/simulte_veins/simulte/src“ wird betreten
stack/phy/layer/LtePhyBase.cc
stack/phy/layer/LtePhyBase.cc: In member function ‘virtual void LtePhyBase::handleMessage(omnetpp::cMessage*)’:
stack/phy/layer/LtePhyBase.cc:66:13: warning: unused variable ‘upperGateId’ [-Wunused-variable]
         int upperGateId = upperGateIn_;
             ^
stack/phy/layer/LtePhyBase.cc:73:13: warning: unused variable ‘eineID’ [-Wunused-variable]
         int eineID = msg->getSenderModuleId();
             ^
stack/phy/layer/LtePhyBase.cc:74:21: warning: unused variable ‘abc’ [-Wunused-variable]
         const char* abc = msg->getSenderModule()->getNedTypeName();
                     ^
Creating shared library: ../out/gcc-debug/src/liblte.so
make[1]: Verzeichnis „/home/chris/omnetpp-5.1.1/simulte_veins/simulte/src“ wird verlassen
16:53:50 **** Incremental Build of configuration debug for project ThesisTest ****
make MODE=debug all 
16:53:52 **** Incremental Build of configuration debug for project Erlangen ****
make MODE=debug all 
18:30:11 **** Incremental Build of configuration debug for project aloha ****
make MODE=debug all 
18:30:13 **** Incremental Build of configuration gcc-debug for project inet ****
make MODE=debug -j4 all 
cd src && make
make[1]: Verzeichnis „/home/chris/omnetpp-5.1.1/simulte_veins/inet/src“ wird betreten
*** COMPILING with:
g++ -c -std=c++11 -g -Wall -MMD -MP -MF .d  -fPIC  -fno-stack-protector -DHAVE_SWAPCONTEXT -DWITH_MPI -DXMLPARSER=libxml -DPREFER_QTENV -DWITH_QTENV -DWITH_TKENV -DWITH_PARSIM -DWITH_NETBUILDER -DWITH_OSG -DWITH_OSGEARTH -Wno-overloaded-virtual -include inet/common/precompiled_debug.h  -DINET_EXPORT -I. -I/home/chris/omnetpp-5.1.1/include
*** LINKING with:
g++ -shared -fPIC -o ../out/gcc-debug/src/libINET.so -Wl,--no-as-needed -Wl,--whole-archive  -Wl,--no-whole-archive -loppenvird -loppsimd -ldl -lstdc++  -lOpenThreads -losg -losgText -losgDB -losgEarth -losgEarthUtil -Wl,-rpath,/home/chris/omnetpp-5.1.1/lib -Wl,-rpath,/lib -Wl,-rpath,.  -L/home/chris/omnetpp-5.1.1/lib
Building...
make[1]: Verzeichnis „/home/chris/omnetpp-5.1.1/simulte_veins/inet/src“ wird verlassen
18:30:16 **** Incremental Build of configuration debug for project tictoc ****
make MODE=debug all 
18:30:17 **** Incremental Build of configuration gcc-debug for project veins-veins-4.6 ****
make MODE=debug all 
make[1]: Verzeichnis „/home/chris/omnetpp-5.1.1/simulte_veins/veins-veins-4.6/src“ wird betreten
make[1]: Verzeichnis „/home/chris/omnetpp-5.1.1/simulte_veins/veins-veins-4.6/src“ wird verlassen
18:30:20 **** Incremental Build of configuration gcc-debug for project veins_inet ****
make MODE=debug all 
make[1]: Verzeichnis „/home/chris/omnetpp-5.1.1/simulte_veins/veins-veins-4.6/subprojects/veins_inet/src“ wird betreten
make[1]: Verzeichnis „/home/chris/omnetpp-5.1.1/simulte_veins/veins-veins-4.6/subprojects/veins_inet/src“ wird verlassen
18:30:24 **** Incremental Build of configuration gcc-debug for project simulte ****
make MODE=debug -j4 all 
make[1]: Verzeichnis „/home/chris/omnetpp-5.1.1/simulte_veins/simulte/src“ wird betreten
stack/phy/layer/LtePhyBase.cc
Creating shared library: ../out/gcc-debug/src/liblte.so
make[1]: Verzeichnis „/home/chris/omnetpp-5.1.1/simulte_veins/simulte/src“ wird verlassen
18:30:36 **** Incremental Build of configuration debug for project ThesisTest ****
make MODE=debug all 
18:30:38 **** Incremental Build of configuration debug for project Erlangen ****
make MODE=debug all 
19:26:44 **** Incremental Build of configuration debug for project aloha ****
make MODE=debug all 
19:26:47 **** Incremental Build of configuration gcc-debug for project inet ****
make MODE=debug -j4 all 
cd src && make
make[1]: Verzeichnis „/home/chris/omnetpp-5.1.1/simulte_veins/inet/src“ wird betreten
*** COMPILING with:
g++ -c -std=c++11 -g -Wall -MMD -MP -MF .d  -fPIC  -fno-stack-protector -DHAVE_SWAPCONTEXT -DWITH_MPI -DXMLPARSER=libxml -DPREFER_QTENV -DWITH_QTENV -DWITH_TKENV -DWITH_PARSIM -DWITH_NETBUILDER -DWITH_OSG -DWITH_OSGEARTH -Wno-overloaded-virtual -include inet/common/precompiled_debug.h  -DINET_EXPORT -I. -I/home/chris/omnetpp-5.1.1/include
*** LINKING with:
g++ -shared -fPIC -o ../out/gcc-debug/src/libINET.so -Wl,--no-as-needed -Wl,--whole-archive  -Wl,--no-whole-archive -loppenvird -loppsimd -ldl -lstdc++  -lOpenThreads -losg -losgText -losgDB -losgEarth -losgEarthUtil -Wl,-rpath,/home/chris/omnetpp-5.1.1/lib -Wl,-rpath,/lib -Wl,-rpath,.  -L/home/chris/omnetpp-5.1.1/lib
Building...
make[1]: Verzeichnis „/home/chris/omnetpp-5.1.1/simulte_veins/inet/src“ wird verlassen
19:26:56 **** Incremental Build of configuration debug for project tictoc ****
make MODE=debug all 
19:26:57 **** Incremental Build of configuration gcc-debug for project veins-veins-4.6 ****
make MODE=debug all 
make[1]: Verzeichnis „/home/chris/omnetpp-5.1.1/simulte_veins/veins-veins-4.6/src“ wird betreten
make[1]: Verzeichnis „/home/chris/omnetpp-5.1.1/simulte_veins/veins-veins-4.6/src“ wird verlassen
19:26:59 **** Incremental Build of configuration gcc-debug for project veins_inet ****
make MODE=debug all 
make[1]: Verzeichnis „/home/chris/omnetpp-5.1.1/simulte_veins/veins-veins-4.6/subprojects/veins_inet/src“ wird betreten
make[1]: Verzeichnis „/home/chris/omnetpp-5.1.1/simulte_veins/veins-veins-4.6/subprojects/veins_inet/src“ wird verlassen
19:27:01 **** Incremental Build of configuration gcc-debug for project simulte ****
make MODE=debug -j4 all 
make[1]: Verzeichnis „/home/chris/omnetpp-5.1.1/simulte_veins/simulte/src“ wird betreten
stack/phy/layer/LtePhyBase.cc
stack/phy/layer/LtePhyBase.cc: In member function ‘virtual void LtePhyBase::sendUnicast(LteAirFrame*)’:
stack/phy/layer/LtePhyBase.cc:298:5: error: ‘name1’ was not declared in this scope
     name1 = frame->getName();
     ^
make[1]: *** [../out/gcc-debug/src/stack/phy/layer/LtePhyBase.o] Fehler 1
Makefile:284: die Regel für Ziel „../out/gcc-debug/src/stack/phy/layer/LtePhyBase.o“ scheiterte
make[1]: Verzeichnis „/home/chris/omnetpp-5.1.1/simulte_veins/simulte/src“ wird verlassen
Makefile:2: die Regel für Ziel „all“ scheiterte
make: *** [all] Fehler 2
19:27:10 **** Incremental Build of configuration debug for project ThesisTest ****
make MODE=debug all 
19:27:12 **** Incremental Build of configuration debug for project Erlangen ****
make MODE=debug all 
19:35:13 **** Incremental Build of configuration debug for project aloha ****
make MODE=debug all 
19:35:15 **** Incremental Build of configuration gcc-debug for project inet ****
make MODE=debug -j4 all 
cd src && make
make[1]: Verzeichnis „/home/chris/omnetpp-5.1.1/simulte_veins/inet/src“ wird betreten
*** COMPILING with:
g++ -c -std=c++11 -g -Wall -MMD -MP -MF .d  -fPIC  -fno-stack-protector -DHAVE_SWAPCONTEXT -DWITH_MPI -DXMLPARSER=libxml -DPREFER_QTENV -DWITH_QTENV -DWITH_TKENV -DWITH_PARSIM -DWITH_NETBUILDER -DWITH_OSG -DWITH_OSGEARTH -Wno-overloaded-virtual -include inet/common/precompiled_debug.h  -DINET_EXPORT -I. -I/home/chris/omnetpp-5.1.1/include
*** LINKING with:
g++ -shared -fPIC -o ../out/gcc-debug/src/libINET.so -Wl,--no-as-needed -Wl,--whole-archive  -Wl,--no-whole-archive -loppenvird -loppsimd -ldl -lstdc++  -lOpenThreads -losg -losgText -losgDB -losgEarth -losgEarthUtil -Wl,-rpath,/home/chris/omnetpp-5.1.1/lib -Wl,-rpath,/lib -Wl,-rpath,.  -L/home/chris/omnetpp-5.1.1/lib
Building...
make[1]: Verzeichnis „/home/chris/omnetpp-5.1.1/simulte_veins/inet/src“ wird verlassen
19:35:22 **** Incremental Build of configuration debug for project tictoc ****
make MODE=debug all 
19:35:23 **** Incremental Build of configuration gcc-debug for project veins-veins-4.6 ****
make MODE=debug all 
make[1]: Verzeichnis „/home/chris/omnetpp-5.1.1/simulte_veins/veins-veins-4.6/src“ wird betreten
make[1]: Verzeichnis „/home/chris/omnetpp-5.1.1/simulte_veins/veins-veins-4.6/src“ wird verlassen
19:35:27 **** Incremental Build of configuration gcc-debug for project veins_inet ****
make MODE=debug all 
make[1]: Verzeichnis „/home/chris/omnetpp-5.1.1/simulte_veins/veins-veins-4.6/subprojects/veins_inet/src“ wird betreten
make[1]: Verzeichnis „/home/chris/omnetpp-5.1.1/simulte_veins/veins-veins-4.6/subprojects/veins_inet/src“ wird verlassen
19:35:30 **** Incremental Build of configuration gcc-debug for project simulte ****
make MODE=debug -j4 all 
make[1]: Verzeichnis „/home/chris/omnetpp-5.1.1/simulte_veins/simulte/src“ wird betreten
stack/phy/layer/LtePhyBase.cc
stack/phy/layer/LtePhyBase.cc: In member function ‘virtual void LtePhyBase::sendUnicast(LteAirFrame*)’:
stack/phy/layer/LtePhyBase.cc:298:33: error: invalid conversion from ‘const char*’ to ‘char*’ [-fpermissive]
     char* name1 = frame->getName();
                                 ^
stack/phy/layer/LtePhyBase.cc:299:37: error: invalid conversion from ‘const char*’ to ‘char*’ [-fpermissive]
     char* name2 = frame->getFullName();
                                     ^
stack/phy/layer/LtePhyBase.cc:298:11: warning: unused variable ‘name1’ [-Wunused-variable]
     char* name1 = frame->getName();
           ^
stack/phy/layer/LtePhyBase.cc:299:11: warning: unused variable ‘name2’ [-Wunused-variable]
     char* name2 = frame->getFullName();
           ^
Makefile:284: die Regel für Ziel „../out/gcc-debug/src/stack/phy/layer/LtePhyBase.o“ scheiterte
make[1]: *** [../out/gcc-debug/src/stack/phy/layer/LtePhyBase.o] Fehler 1
make[1]: Verzeichnis „/home/chris/omnetpp-5.1.1/simulte_veins/simulte/src“ wird verlassen
Makefile:2: die Regel für Ziel „all“ scheiterte
make: *** [all] Fehler 2
19:35:49 **** Incremental Build of configuration debug for project ThesisTest ****
make MODE=debug all 
19:35:54 **** Incremental Build of configuration debug for project Erlangen ****
make MODE=debug all 
19:36:00 **** Incremental Build of configuration debug for project aloha ****
make MODE=debug all 
19:36:06 **** Incremental Build of configuration gcc-debug for project inet ****
make MODE=debug -j4 all 
cd src && make
make[1]: Verzeichnis „/home/chris/omnetpp-5.1.1/simulte_veins/inet/src“ wird betreten
*** COMPILING with:
g++ -c -std=c++11 -g -Wall -MMD -MP -MF .d  -fPIC  -fno-stack-protector -DHAVE_SWAPCONTEXT -DWITH_MPI -DXMLPARSER=libxml -DPREFER_QTENV -DWITH_QTENV -DWITH_TKENV -DWITH_PARSIM -DWITH_NETBUILDER -DWITH_OSG -DWITH_OSGEARTH -Wno-overloaded-virtual -include inet/common/precompiled_debug.h  -DINET_EXPORT -I. -I/home/chris/omnetpp-5.1.1/include
*** LINKING with:
g++ -shared -fPIC -o ../out/gcc-debug/src/libINET.so -Wl,--no-as-needed -Wl,--whole-archive  -Wl,--no-whole-archive -loppenvird -loppsimd -ldl -lstdc++  -lOpenThreads -losg -losgText -losgDB -losgEarth -losgEarthUtil -Wl,-rpath,/home/chris/omnetpp-5.1.1/lib -Wl,-rpath,/lib -Wl,-rpath,.  -L/home/chris/omnetpp-5.1.1/lib
Building...
make[1]: Verzeichnis „/home/chris/omnetpp-5.1.1/simulte_veins/inet/src“ wird verlassen
19:36:14 **** Incremental Build of configuration debug for project tictoc ****
make MODE=debug all 
19:36:17 **** Incremental Build of configuration gcc-debug for project veins-veins-4.6 ****
make MODE=debug all 
make[1]: Verzeichnis „/home/chris/omnetpp-5.1.1/simulte_veins/veins-veins-4.6/src“ wird betreten
make[1]: Verzeichnis „/home/chris/omnetpp-5.1.1/simulte_veins/veins-veins-4.6/src“ wird verlassen
19:36:21 **** Incremental Build of configuration gcc-debug for project veins_inet ****
make MODE=debug all 
make[1]: Verzeichnis „/home/chris/omnetpp-5.1.1/simulte_veins/veins-veins-4.6/subprojects/veins_inet/src“ wird betreten
make[1]: Verzeichnis „/home/chris/omnetpp-5.1.1/simulte_veins/veins-veins-4.6/subprojects/veins_inet/src“ wird verlassen
19:36:24 **** Incremental Build of configuration gcc-debug for project simulte ****
make MODE=debug -j4 all 
make[1]: Verzeichnis „/home/chris/omnetpp-5.1.1/simulte_veins/simulte/src“ wird betreten
stack/phy/layer/LtePhyBase.cc
stack/phy/layer/LtePhyBase.cc: In member function ‘virtual void LtePhyBase::sendUnicast(LteAirFrame*)’:
stack/phy/layer/LtePhyBase.cc:298:17: warning: unused variable ‘name1’ [-Wunused-variable]
     const char* name1 = frame->getName();
                 ^
stack/phy/layer/LtePhyBase.cc:299:17: warning: unused variable ‘name2’ [-Wunused-variable]
     const char* name2 = frame->getFullName();
                 ^
Creating shared library: ../out/gcc-debug/src/liblte.so
make[1]: Verzeichnis „/home/chris/omnetpp-5.1.1/simulte_veins/simulte/src“ wird verlassen
19:37:07 **** Incremental Build of configuration debug for project ThesisTest ****
make MODE=debug all 
19:37:10 **** Incremental Build of configuration debug for project Erlangen ****
make MODE=debug all 
14:59:11 **** Incremental Build of configuration debug for project aloha ****
make MODE=debug all 
14:59:13 **** Incremental Build of configuration gcc-debug for project inet ****
make MODE=debug -j4 all 
cd src && make
make[1]: Verzeichnis „/home/chris/omnetpp-5.1.1/simulte_veins/inet/src“ wird betreten
*** COMPILING with:
g++ -c -std=c++11 -g -Wall -MMD -MP -MF .d  -fPIC  -fno-stack-protector -DHAVE_SWAPCONTEXT -DWITH_MPI -DXMLPARSER=libxml -DPREFER_QTENV -DWITH_QTENV -DWITH_TKENV -DWITH_PARSIM -DWITH_NETBUILDER -DWITH_OSG -DWITH_OSGEARTH -Wno-overloaded-virtual -include inet/common/precompiled_debug.h  -DINET_EXPORT -I. -I/home/chris/omnetpp-5.1.1/include
*** LINKING with:
g++ -shared -fPIC -o ../out/gcc-debug/src/libINET.so -Wl,--no-as-needed -Wl,--whole-archive  -Wl,--no-whole-archive -loppenvird -loppsimd -ldl -lstdc++  -lOpenThreads -losg -losgText -losgDB -losgEarth -losgEarthUtil -Wl,-rpath,/home/chris/omnetpp-5.1.1/lib -Wl,-rpath,/lib -Wl,-rpath,.  -L/home/chris/omnetpp-5.1.1/lib
Building...
make[1]: Verzeichnis „/home/chris/omnetpp-5.1.1/simulte_veins/inet/src“ wird verlassen
14:59:21 **** Incremental Build of configuration debug for project tictoc ****
make MODE=debug all 
14:59:22 **** Incremental Build of configuration gcc-debug for project veins-veins-4.6 ****
make MODE=debug all 
make[1]: Verzeichnis „/home/chris/omnetpp-5.1.1/simulte_veins/veins-veins-4.6/src“ wird betreten
make[1]: Verzeichnis „/home/chris/omnetpp-5.1.1/simulte_veins/veins-veins-4.6/src“ wird verlassen
14:59:23 **** Incremental Build of configuration gcc-debug for project veins_inet ****
make MODE=debug all 
make[1]: Verzeichnis „/home/chris/omnetpp-5.1.1/simulte_veins/veins-veins-4.6/subprojects/veins_inet/src“ wird betreten
make[1]: Verzeichnis „/home/chris/omnetpp-5.1.1/simulte_veins/veins-veins-4.6/subprojects/veins_inet/src“ wird verlassen
15:00:13 **** Incremental Build of configuration debug for project aloha ****
make MODE=debug all 
15:00:15 **** Incremental Build of configuration gcc-debug for project inet ****
make MODE=debug -j4 all 
cd src && make
make[1]: Verzeichnis „/home/chris/omnetpp-5.1.1/simulte_veins/inet/src“ wird betreten
*** COMPILING with:
g++ -c -std=c++11 -g -Wall -MMD -MP -MF .d  -fPIC  -fno-stack-protector -DHAVE_SWAPCONTEXT -DWITH_MPI -DXMLPARSER=libxml -DPREFER_QTENV -DWITH_QTENV -DWITH_TKENV -DWITH_PARSIM -DWITH_NETBUILDER -DWITH_OSG -DWITH_OSGEARTH -Wno-overloaded-virtual -include inet/common/precompiled_debug.h  -DINET_EXPORT -I. -I/home/chris/omnetpp-5.1.1/include
*** LINKING with:
g++ -shared -fPIC -o ../out/gcc-debug/src/libINET.so -Wl,--no-as-needed -Wl,--whole-archive  -Wl,--no-whole-archive -loppenvird -loppsimd -ldl -lstdc++  -lOpenThreads -losg -losgText -losgDB -losgEarth -losgEarthUtil -Wl,-rpath,/home/chris/omnetpp-5.1.1/lib -Wl,-rpath,/lib -Wl,-rpath,.  -L/home/chris/omnetpp-5.1.1/lib
Building...
make[1]: Verzeichnis „/home/chris/omnetpp-5.1.1/simulte_veins/inet/src“ wird verlassen
15:00:17 **** Incremental Build of configuration debug for project tictoc ****
make MODE=debug all 
15:00:18 **** Incremental Build of configuration gcc-debug for project veins-veins-4.6 ****
make MODE=debug all 
make[1]: Verzeichnis „/home/chris/omnetpp-5.1.1/simulte_veins/veins-veins-4.6/src“ wird betreten
make[1]: Verzeichnis „/home/chris/omnetpp-5.1.1/simulte_veins/veins-veins-4.6/src“ wird verlassen
15:00:19 **** Incremental Build of configuration gcc-debug for project veins_inet ****
make MODE=debug all 
make[1]: Verzeichnis „/home/chris/omnetpp-5.1.1/simulte_veins/veins-veins-4.6/subprojects/veins_inet/src“ wird betreten
make[1]: Verzeichnis „/home/chris/omnetpp-5.1.1/simulte_veins/veins-veins-4.6/subprojects/veins_inet/src“ wird verlassen
15:01:26 **** Incremental Build of configuration debug for project aloha ****
make MODE=debug all 
15:01:28 **** Incremental Build of configuration gcc-debug for project inet ****
make MODE=debug -j4 all 
cd src && make
make[1]: Verzeichnis „/home/chris/omnetpp-5.1.1/simulte_veins/inet/src“ wird betreten
*** COMPILING with:
g++ -c -std=c++11 -g -Wall -MMD -MP -MF .d  -fPIC  -fno-stack-protector -DHAVE_SWAPCONTEXT -DWITH_MPI -DXMLPARSER=libxml -DPREFER_QTENV -DWITH_QTENV -DWITH_TKENV -DWITH_PARSIM -DWITH_NETBUILDER -DWITH_OSG -DWITH_OSGEARTH -Wno-overloaded-virtual -include inet/common/precompiled_debug.h  -DINET_EXPORT -I. -I/home/chris/omnetpp-5.1.1/include
*** LINKING with:
g++ -shared -fPIC -o ../out/gcc-debug/src/libINET.so -Wl,--no-as-needed -Wl,--whole-archive  -Wl,--no-whole-archive -loppenvird -loppsimd -ldl -lstdc++  -lOpenThreads -losg -losgText -losgDB -losgEarth -losgEarthUtil -Wl,-rpath,/home/chris/omnetpp-5.1.1/lib -Wl,-rpath,/lib -Wl,-rpath,.  -L/home/chris/omnetpp-5.1.1/lib
Building...
make[1]: Verzeichnis „/home/chris/omnetpp-5.1.1/simulte_veins/inet/src“ wird verlassen
15:01:30 **** Incremental Build of configuration debug for project tictoc ****
make MODE=debug all 
15:01:31 **** Incremental Build of configuration gcc-debug for project veins-veins-4.6 ****
make MODE=debug all 
make[1]: Verzeichnis „/home/chris/omnetpp-5.1.1/simulte_veins/veins-veins-4.6/src“ wird betreten
make[1]: Verzeichnis „/home/chris/omnetpp-5.1.1/simulte_veins/veins-veins-4.6/src“ wird verlassen
15:01:32 **** Incremental Build of configuration gcc-debug for project veins_inet ****
make MODE=debug all 
make[1]: Verzeichnis „/home/chris/omnetpp-5.1.1/simulte_veins/veins-veins-4.6/subprojects/veins_inet/src“ wird betreten
make[1]: Verzeichnis „/home/chris/omnetpp-5.1.1/simulte_veins/veins-veins-4.6/subprojects/veins_inet/src“ wird verlassen
15:07:45 **** Incremental Build of configuration debug for project aloha ****
make MODE=debug all 
15:07:46 **** Incremental Build of configuration gcc-debug for project inet ****
make MODE=debug -j4 all 
cd src && make
make[1]: Verzeichnis „/home/chris/omnetpp-5.1.1/simulte_veins/inet/src“ wird betreten
*** COMPILING with:
g++ -c -std=c++11 -g -Wall -MMD -MP -MF .d  -fPIC  -fno-stack-protector -DHAVE_SWAPCONTEXT -DWITH_MPI -DXMLPARSER=libxml -DPREFER_QTENV -DWITH_QTENV -DWITH_TKENV -DWITH_PARSIM -DWITH_NETBUILDER -DWITH_OSG -DWITH_OSGEARTH -Wno-overloaded-virtual -include inet/common/precompiled_debug.h  -DINET_EXPORT -I. -I/home/chris/omnetpp-5.1.1/include
*** LINKING with:
g++ -shared -fPIC -o ../out/gcc-debug/src/libINET.so -Wl,--no-as-needed -Wl,--whole-archive  -Wl,--no-whole-archive -loppenvird -loppsimd -ldl -lstdc++  -lOpenThreads -losg -losgText -losgDB -losgEarth -losgEarthUtil -Wl,-rpath,/home/chris/omnetpp-5.1.1/lib -Wl,-rpath,/lib -Wl,-rpath,.  -L/home/chris/omnetpp-5.1.1/lib
Building...
make[1]: Verzeichnis „/home/chris/omnetpp-5.1.1/simulte_veins/inet/src“ wird verlassen
15:07:48 **** Incremental Build of configuration debug for project tictoc ****
make MODE=debug all 
15:07:49 **** Incremental Build of configuration gcc-debug for project veins-veins-4.6 ****
make MODE=debug all 
make[1]: Verzeichnis „/home/chris/omnetpp-5.1.1/simulte_veins/veins-veins-4.6/src“ wird betreten
make[1]: Verzeichnis „/home/chris/omnetpp-5.1.1/simulte_veins/veins-veins-4.6/src“ wird verlassen
15:07:50 **** Incremental Build of configuration gcc-debug for project veins_inet ****
make MODE=debug all 
make[1]: Verzeichnis „/home/chris/omnetpp-5.1.1/simulte_veins/veins-veins-4.6/subprojects/veins_inet/src“ wird betreten
make[1]: Verzeichnis „/home/chris/omnetpp-5.1.1/simulte_veins/veins-veins-4.6/subprojects/veins_inet/src“ wird verlassen
15:07:51 **** Incremental Build of configuration gcc-debug for project simulte ****
make MODE=debug -j4 all 
make[1]: Verzeichnis „/home/chris/omnetpp-5.1.1/simulte_veins/simulte/src“ wird betreten
helper/MapChecker.cc
stack/phy/layer/LtePhyBase.cc
stack/phy/layer/LtePhyBase.cc: In member function ‘virtual void LtePhyBase::handleMessage(omnetpp::cMessage*)’:
stack/phy/layer/LtePhyBase.cc:66:13: warning: unused variable ‘upperGateId’ [-Wunused-variable]
         int upperGateId = upperGateIn_;
             ^
Creating shared library: ../out/gcc-debug/src/liblte.so
make[1]: Verzeichnis „/home/chris/omnetpp-5.1.1/simulte_veins/simulte/src“ wird verlassen
15:08:16 **** Incremental Build of configuration debug for project ThesisTest ****
make MODE=debug all 
15:08:17 **** Incremental Build of configuration debug for project Erlangen ****
make MODE=debug all 
MapChecker.cc
Creating executable: out/gcc-debug//Erlangen
